<?xml version="1.0" encoding="UTF-8"?>
<!-- Generated by org.testng.reporters.JUnitXMLReporter -->
<testsuite ignored="5" hostname="DESKTOP-8BNSS5C" failures="2" tests="2" name="Surefire test" time="51.635" errors="0" timestamp="2024-09-11T10:33:35 IST">
  <testcase classname="PageTests.LeadManagementTest" name="verifyAddNoteFeature" time="15.625">
    <failure type="org.openqa.selenium.NoSuchElementException" message="Unable to find element with locator By.xpath: //div[@class=&amp;apos;multiselect multiselect--above&amp;apos;]
For documentation on this error, please visit: https://www.selenium.dev/documentation/webdriver/troubleshooting/errors#no-such-element-exception
Build info: version: &amp;apos;4.22.0&amp;apos;, revision: &amp;apos;c5f3146703*&amp;apos;
System info: os.name: &amp;apos;Windows 11&amp;apos;, os.arch: &amp;apos;amd64&amp;apos;, os.version: &amp;apos;10.0&amp;apos;, java.version: &amp;apos;22.0.2&amp;apos;
Driver info: driver.version: RemoteWebDriver">
      <![CDATA[org.openqa.selenium.NoSuchElementException: Unable to find element with locator By.xpath: //div[@class='multiselect multiselect--above']
For documentation on this error, please visit: https://www.selenium.dev/documentation/webdriver/troubleshooting/errors#no-such-element-exception
Build info: version: '4.22.0', revision: 'c5f3146703*'
System info: os.name: 'Windows 11', os.arch: 'amd64', os.version: '10.0', java.version: '22.0.2'
Driver info: driver.version: RemoteWebDriver
at org.openqa.selenium.remote.ElementLocation$ElementFinder$2.findElement(ElementLocation.java:168)
at org.openqa.selenium.remote.ElementLocation.findElement(ElementLocation.java:59)
at org.openqa.selenium.remote.RemoteWebDriver.findElement(RemoteWebDriver.java:355)
at org.openqa.selenium.remote.RemoteWebDriver.findElement(RemoteWebDriver.java:349)
at org.openqa.selenium.support.pagefactory.DefaultElementLocator.findElement(DefaultElementLocator.java:68)
at org.openqa.selenium.support.pagefactory.internal.LocatingElementHandler.invoke(LocatingElementHandler.java:38)
at jdk.proxy2/jdk.proxy2.$Proxy8.getTagName(Unknown Source)
at org.openqa.selenium.support.ui.Select.<init>(Select.java:43)
at PageObjects.LeadManagement.addNoteFeature(LeadManagement.java:143)
at PageTests.LeadManagementTest.verifyAddNoteFeature(LeadManagementTest.java:43)
at java.base/java.util.ArrayList.forEach(ArrayList.java:1597)
... Removed 30 stack frames]]>
    </failure>
  </testcase> <!-- verifyAddNoteFeature -->
  <testcase classname="PageTests.LoginTest" name="validateLoginPageTitle" time="0.015">
    <failure type="java.lang.AssertionError" message="expected:&amp;lt;Performance Center&amp;gt; but was:&amp;lt;Performance Center1&amp;gt;">
      <![CDATA[java.lang.AssertionError: expected:<Performance Center> but was:<Performance Center1>
at PageTests.LoginTest.validateLoginPageTitle(LoginTest.java:26)
at java.base/java.util.ArrayList.forEach(ArrayList.java:1597)
... Removed 32 stack frames]]>
    </failure>
  </testcase> <!-- validateLoginPageTitle -->
  <testcase classname="PageTests.LeadManagementTest" name="verifyLeadManagementSubMenus" time="0.0">
    <ignored/>
  </testcase> <!-- verifyLeadManagementSubMenus -->
  <testcase classname="PageTests.LeadManagementTest" name="verifyCreateLeadFeature" time="0.0">
    <ignored/>
  </testcase> <!-- verifyCreateLeadFeature -->
  <testcase classname="PageTests.LoginTest" name="verifyForgotPwLink" time="0.0">
    <ignored/>
  </testcase> <!-- verifyForgotPwLink -->
  <testcase classname="PageTests.LoginTest" name="validateLogin" time="0.0">
    <ignored/>
  </testcase> <!-- validateLogin -->
  <testcase classname="PageTests.LeadManagementTest" name="deleteLead" time="0.0">
    <ignored/>
  </testcase> <!-- deleteLead -->
</testsuite> <!-- Surefire test -->
