<?xml version="1.0" encoding="UTF-8"?>
<!-- Generated by org.testng.reporters.JUnitXMLReporter -->
<testsuite ignored="0" hostname="DESKTOP-8BNSS5C" failures="0" tests="9" name="Default test" time="57.677" errors="0" timestamp="2024-11-21T17:31:53 IST">
  <testcase classname="PageTests.LeadManagementTest" name="@BeforeMethod setup" time="57.513">
    <failure type="org.openqa.selenium.TimeoutException" message="timeout: Timed out receiving message from renderer: 20.000
  (Session info: chrome=131.0.6778.71)
Build info: version: &amp;apos;4.22.0&amp;apos;, revision: &amp;apos;c5f3146703*&amp;apos;
System info: os.name: &amp;apos;Windows 11&amp;apos;, os.arch: &amp;apos;amd64&amp;apos;, os.version: &amp;apos;10.0&amp;apos;, java.version: &amp;apos;22.0.2&amp;apos;
Driver info: org.openqa.selenium.chrome.ChromeDriver
Command: [73f299ebc09337cb688028a93ff99dcb, clickElement {id=f.A7A56C6CE7FD3B94B66325905E1E90A9.d.7D5B5869094F930A4F2CE1FE70A41D2C.e.9}]
Capabilities {acceptInsecureCerts: false, browserName: chrome, browserVersion: 131.0.6778.71, chrome: {chromedriverVersion: 131.0.6778.85 (3d81e41b6f3a..., userDataDir: C:\Users\Neha\AppData\Local...}, fedcm:accounts: true, goog:chromeOptions: {debuggerAddress: localhost:54213}, networkConnectionEnabled: false, pageLoadStrategy: normal, platformName: windows, proxy: Proxy(), se:cdp: ws://localhost:54213/devtoo..., se:cdpVersion: 131.0.6778.71, setWindowRect: true, strictFileInteractability: false, timeouts: {implicit: 0, pageLoad: 300000, script: 30000}, unhandledPromptBehavior: dismiss and notify, webauthn:extension:credBlob: true, webauthn:extension:largeBlob: true, webauthn:extension:minPinLength: true, webauthn:extension:prf: true, webauthn:virtualAuthenticators: true}
Element: [[ChromeDriver: chrome on windows (73f299ebc09337cb688028a93ff99dcb)] -&amp;gt; xpath: //button[contains(text(), &amp;apos;Login&amp;apos;) and @type=&amp;apos;submit&amp;apos;]]
Session ID: 73f299ebc09337cb688028a93ff99dcb">
      <![CDATA[org.openqa.selenium.TimeoutException: timeout: Timed out receiving message from renderer: 20.000
  (Session info: chrome=131.0.6778.71)
Build info: version: '4.22.0', revision: 'c5f3146703*'
System info: os.name: 'Windows 11', os.arch: 'amd64', os.version: '10.0', java.version: '22.0.2'
Driver info: org.openqa.selenium.chrome.ChromeDriver
Command: [73f299ebc09337cb688028a93ff99dcb, clickElement {id=f.A7A56C6CE7FD3B94B66325905E1E90A9.d.7D5B5869094F930A4F2CE1FE70A41D2C.e.9}]
Capabilities {acceptInsecureCerts: false, browserName: chrome, browserVersion: 131.0.6778.71, chrome: {chromedriverVersion: 131.0.6778.85 (3d81e41b6f3a..., userDataDir: C:\Users\Neha\AppData\Local...}, fedcm:accounts: true, goog:chromeOptions: {debuggerAddress: localhost:54213}, networkConnectionEnabled: false, pageLoadStrategy: normal, platformName: windows, proxy: Proxy(), se:cdp: ws://localhost:54213/devtoo..., se:cdpVersion: 131.0.6778.71, setWindowRect: true, strictFileInteractability: false, timeouts: {implicit: 0, pageLoad: 300000, script: 30000}, unhandledPromptBehavior: dismiss and notify, webauthn:extension:credBlob: true, webauthn:extension:largeBlob: true, webauthn:extension:minPinLength: true, webauthn:extension:prf: true, webauthn:virtualAuthenticators: true}
Element: [[ChromeDriver: chrome on windows (73f299ebc09337cb688028a93ff99dcb)] -> xpath: //button[contains(text(), 'Login') and @type='submit']]
Session ID: 73f299ebc09337cb688028a93ff99dcb
at java.base/jdk.internal.reflect.DirectConstructorHandleAccessor.newInstance(DirectConstructorHandleAccessor.java:62)
at java.base/java.lang.reflect.Constructor.newInstanceWithCaller(Constructor.java:502)
at java.base/java.lang.reflect.Constructor.newInstance(Constructor.java:486)
at org.openqa.selenium.remote.ErrorCodec.decode(ErrorCodec.java:167)
at org.openqa.selenium.remote.codec.w3c.W3CHttpResponseCodec.decode(W3CHttpResponseCodec.java:138)
at org.openqa.selenium.remote.codec.w3c.W3CHttpResponseCodec.decode(W3CHttpResponseCodec.java:50)
at org.openqa.selenium.remote.HttpCommandExecutor.execute(HttpCommandExecutor.java:190)
at org.openqa.selenium.remote.service.DriverCommandExecutor.invokeExecute(DriverCommandExecutor.java:216)
at org.openqa.selenium.remote.service.DriverCommandExecutor.execute(DriverCommandExecutor.java:174)
at org.openqa.selenium.remote.RemoteWebDriver.execute(RemoteWebDriver.java:518)
at org.openqa.selenium.remote.RemoteWebElement.execute(RemoteWebElement.java:223)
at org.openqa.selenium.remote.RemoteWebElement.click(RemoteWebElement.java:76)
at java.base/jdk.internal.reflect.DirectMethodHandleAccessor.invoke(DirectMethodHandleAccessor.java:103)
at java.base/java.lang.reflect.Method.invoke(Method.java:580)
at org.openqa.selenium.support.pagefactory.internal.LocatingElementHandler.invoke(LocatingElementHandler.java:51)
at jdk.proxy2/jdk.proxy2.$Proxy12.click(Unknown Source)
at PageObjects.LoginPage.loginToPC(LoginPage.java:65)
at PageTests.LeadManagementTest.setup(LeadManagementTest.java:21)
at java.base/jdk.internal.reflect.DirectMethodHandleAccessor.invoke(DirectMethodHandleAccessor.java:103)
at java.base/java.lang.reflect.Method.invoke(Method.java:580)
at org.testng.internal.MethodInvocationHelper.invokeMethod(MethodInvocationHelper.java:133)
at org.testng.internal.MethodInvocationHelper.invokeMethodConsideringTimeout(MethodInvocationHelper.java:62)
at org.testng.internal.ConfigInvoker.invokeConfigurationMethod(ConfigInvoker.java:385)
at org.testng.internal.ConfigInvoker.invokeConfigurations(ConfigInvoker.java:321)
at org.testng.internal.TestInvoker.runConfigMethods(TestInvoker.java:700)
at org.testng.internal.TestInvoker.invokeMethod(TestInvoker.java:527)
at org.testng.internal.TestInvoker.invokeTestMethod(TestInvoker.java:173)
at org.testng.internal.MethodRunner.runInSequence(MethodRunner.java:46)
at org.testng.internal.TestInvoker$MethodInvocationAgent.invoke(TestInvoker.java:824)
at org.testng.internal.TestInvoker.invokeTestMethods(TestInvoker.java:146)
at org.testng.internal.TestMethodWorker.invokeTestMethods(TestMethodWorker.java:146)
at org.testng.internal.TestMethodWorker.run(TestMethodWorker.java:128)
at java.base/java.util.ArrayList.forEach(ArrayList.java:1597)
at org.testng.TestRunner.privateRun(TestRunner.java:794)
at org.testng.TestRunner.run(TestRunner.java:596)
at org.testng.SuiteRunner.runTest(SuiteRunner.java:377)
at org.testng.SuiteRunner.runSequentially(SuiteRunner.java:371)
at org.testng.SuiteRunner.privateRun(SuiteRunner.java:332)
at org.testng.SuiteRunner.run(SuiteRunner.java:276)
at org.testng.SuiteRunnerWorker.runSuite(SuiteRunnerWorker.java:53)
at org.testng.SuiteRunnerWorker.run(SuiteRunnerWorker.java:96)
at org.testng.TestNG.runSuitesSequentially(TestNG.java:1212)
at org.testng.TestNG.runSuitesLocally(TestNG.java:1134)
at org.testng.TestNG.runSuites(TestNG.java:1063)
at org.testng.TestNG.run(TestNG.java:1031)
at org.testng.remote.AbstractRemoteTestNG.run(AbstractRemoteTestNG.java:115)
at org.testng.remote.RemoteTestNG.initAndRun(RemoteTestNG.java:293)
at org.testng.remote.RemoteTestNG.main(RemoteTestNG.java:91)
]]>
    </failure>
  </testcase> <!-- @BeforeMethod setup -->
  <testcase classname="PageTests.LeadManagementTest" name="@BeforeMethod setup" time="-1.732190512925E9">
    <skipped/>
  </testcase> <!-- @BeforeMethod setup -->
  <testcase classname="PageTests.LeadManagementTest" name="@BeforeMethod setup" time="-1.732190512937E9">
    <skipped/>
  </testcase> <!-- @BeforeMethod setup -->
  <testcase classname="PageTests.LeadManagementTest" name="@BeforeMethod setup" time="-1.732190512947E9">
    <skipped/>
  </testcase> <!-- @BeforeMethod setup -->
  <testcase classname="PageTests.LeadManagementTest" name="@BeforeMethod setup" time="-1.732190512957E9">
    <skipped/>
  </testcase> <!-- @BeforeMethod setup -->
  <testcase classname="PageTests.LeadManagementTest" name="@BeforeMethod setup" time="-1.732190512969E9">
    <skipped/>
  </testcase> <!-- @BeforeMethod setup -->
  <testcase classname="PageTests.LeadManagementTest" name="@BeforeMethod setup" time="-1.732190512981E9">
    <skipped/>
  </testcase> <!-- @BeforeMethod setup -->
  <testcase classname="PageTests.LeadManagementTest" name="@BeforeMethod setup" time="-1.732190512987E9">
    <skipped/>
  </testcase> <!-- @BeforeMethod setup -->
  <testcase classname="PageTests.LeadManagementTest" name="@BeforeMethod setup" time="-1.732190512992E9">
    <skipped/>
  </testcase> <!-- @BeforeMethod setup -->
  <testcase classname="PageTests.LeadManagementTest" name="verifyLeadManagementSubMenus" time="0.0">
    <skipped/>
  </testcase> <!-- verifyLeadManagementSubMenus -->
  <testcase classname="PageTests.LeadManagementTest" name="verifyCreateLeadFeature" time="0.0">
    <skipped/>
  </testcase> <!-- verifyCreateLeadFeature -->
  <testcase classname="PageTests.LeadManagementTest" name="verifySearchField" time="0.0">
    <skipped/>
  </testcase> <!-- verifySearchField -->
  <testcase classname="PageTests.LeadManagementTest" name="verifyAdvancedFilter" time="0.0">
    <skipped/>
  </testcase> <!-- verifyAdvancedFilter -->
  <testcase classname="PageTests.LeadManagementTest" name="verifyAddNoteFeature" time="0.0">
    <skipped/>
  </testcase> <!-- verifyAddNoteFeature -->
  <testcase classname="PageTests.LeadManagementTest" name="verifyEditLeadFeature" time="0.0">
    <skipped/>
  </testcase> <!-- verifyEditLeadFeature -->
  <testcase classname="PageTests.LeadManagementTest" name="deleteLead" time="0.0">
    <skipped/>
  </testcase> <!-- deleteLead -->
  <testcase classname="PageTests.LeadManagementTest" name="verifyPeopleSubmenu" time="0.0">
    <skipped/>
  </testcase> <!-- verifyPeopleSubmenu -->
  <testcase classname="PageTests.LeadManagementTest" name="verifyViewCTA" time="0.0">
    <skipped/>
  </testcase> <!-- verifyViewCTA -->
</testsuite> <!-- Default test -->
