<?xml version="1.0" encoding="UTF-8"?>
<!-- Generated by org.testng.reporters.JUnitXMLReporter -->
<testsuite ignored="0" hostname="DESKTOP-8BNSS5C" failures="0" tests="9" name="Test" time="43.316" errors="0" timestamp="2024-11-21T17:33:15 IST">
  <testcase classname="PageTests.LeadManagementTest" name="@BeforeMethod setup" time="42.641">
    <failure type="org.openqa.selenium.TimeoutException" message="timeout: Timed out receiving message from renderer: 20.000
  (Session info: chrome=131.0.6778.71)
Build info: version: &amp;apos;4.22.0&amp;apos;, revision: &amp;apos;c5f3146703*&amp;apos;
System info: os.name: &amp;apos;Windows 11&amp;apos;, os.arch: &amp;apos;amd64&amp;apos;, os.version: &amp;apos;10.0&amp;apos;, java.version: &amp;apos;22.0.2&amp;apos;
Driver info: org.openqa.selenium.chrome.ChromeDriver
Command: [44988f629b059b665ae49858dc468e5d, clickElement {id=f.9F7838FF98130CB12299F565CFC88ECF.d.B934FF7D400200796F72A1A3C973D006.e.8}]
Capabilities {acceptInsecureCerts: false, browserName: chrome, browserVersion: 131.0.6778.71, chrome: {chromedriverVersion: 131.0.6778.85 (3d81e41b6f3a..., userDataDir: C:\Users\Neha\AppData\Local...}, fedcm:accounts: true, goog:chromeOptions: {debuggerAddress: localhost:54291}, networkConnectionEnabled: false, pageLoadStrategy: normal, platformName: windows, proxy: Proxy(), se:cdp: ws://localhost:54291/devtoo..., se:cdpVersion: 131.0.6778.71, setWindowRect: true, strictFileInteractability: false, timeouts: {implicit: 0, pageLoad: 300000, script: 30000}, unhandledPromptBehavior: dismiss and notify, webauthn:extension:credBlob: true, webauthn:extension:largeBlob: true, webauthn:extension:minPinLength: true, webauthn:extension:prf: true, webauthn:virtualAuthenticators: true}
Element: [[ChromeDriver: chrome on windows (44988f629b059b665ae49858dc468e5d)] -&amp;gt; xpath: //button[contains(text(), &amp;apos;Login&amp;apos;) and @type=&amp;apos;submit&amp;apos;]]
Session ID: 44988f629b059b665ae49858dc468e5d">
      <![CDATA[org.openqa.selenium.TimeoutException: timeout: Timed out receiving message from renderer: 20.000
  (Session info: chrome=131.0.6778.71)
Build info: version: '4.22.0', revision: 'c5f3146703*'
System info: os.name: 'Windows 11', os.arch: 'amd64', os.version: '10.0', java.version: '22.0.2'
Driver info: org.openqa.selenium.chrome.ChromeDriver
Command: [44988f629b059b665ae49858dc468e5d, clickElement {id=f.9F7838FF98130CB12299F565CFC88ECF.d.B934FF7D400200796F72A1A3C973D006.e.8}]
Capabilities {acceptInsecureCerts: false, browserName: chrome, browserVersion: 131.0.6778.71, chrome: {chromedriverVersion: 131.0.6778.85 (3d81e41b6f3a..., userDataDir: C:\Users\Neha\AppData\Local...}, fedcm:accounts: true, goog:chromeOptions: {debuggerAddress: localhost:54291}, networkConnectionEnabled: false, pageLoadStrategy: normal, platformName: windows, proxy: Proxy(), se:cdp: ws://localhost:54291/devtoo..., se:cdpVersion: 131.0.6778.71, setWindowRect: true, strictFileInteractability: false, timeouts: {implicit: 0, pageLoad: 300000, script: 30000}, unhandledPromptBehavior: dismiss and notify, webauthn:extension:credBlob: true, webauthn:extension:largeBlob: true, webauthn:extension:minPinLength: true, webauthn:extension:prf: true, webauthn:virtualAuthenticators: true}
Element: [[ChromeDriver: chrome on windows (44988f629b059b665ae49858dc468e5d)] -> xpath: //button[contains(text(), 'Login') and @type='submit']]
Session ID: 44988f629b059b665ae49858dc468e5d
at org.openqa.selenium.remote.ErrorCodec.decode(ErrorCodec.java:167)
at org.openqa.selenium.remote.codec.w3c.W3CHttpResponseCodec.decode(W3CHttpResponseCodec.java:138)
at org.openqa.selenium.remote.codec.w3c.W3CHttpResponseCodec.decode(W3CHttpResponseCodec.java:50)
at org.openqa.selenium.remote.HttpCommandExecutor.execute(HttpCommandExecutor.java:190)
at org.openqa.selenium.remote.service.DriverCommandExecutor.invokeExecute(DriverCommandExecutor.java:216)
at org.openqa.selenium.remote.service.DriverCommandExecutor.execute(DriverCommandExecutor.java:174)
at org.openqa.selenium.remote.RemoteWebDriver.execute(RemoteWebDriver.java:518)
at org.openqa.selenium.remote.RemoteWebElement.execute(RemoteWebElement.java:223)
at org.openqa.selenium.remote.RemoteWebElement.click(RemoteWebElement.java:76)
at org.openqa.selenium.support.pagefactory.internal.LocatingElementHandler.invoke(LocatingElementHandler.java:51)
at jdk.proxy2/jdk.proxy2.$Proxy12.click(Unknown Source)
at PageObjects.LoginPage.loginToPC(LoginPage.java:65)
at PageTests.LeadManagementTest.setup(LeadManagementTest.java:21)
at java.base/java.util.ArrayList.forEach(ArrayList.java:1597)
... Removed 34 stack frames]]>
    </failure>
  </testcase> <!-- @BeforeMethod setup -->
  <testcase classname="PageTests.LeadManagementTest" name="@BeforeMethod setup" time="-1.732190595672E9">
    <skipped/>
  </testcase> <!-- @BeforeMethod setup -->
  <testcase classname="PageTests.LeadManagementTest" name="@BeforeMethod setup" time="-1.732190595688E9">
    <skipped/>
  </testcase> <!-- @BeforeMethod setup -->
  <testcase classname="PageTests.LeadManagementTest" name="@BeforeMethod setup" time="-1.7321905957E9">
    <skipped/>
  </testcase> <!-- @BeforeMethod setup -->
  <testcase classname="PageTests.LeadManagementTest" name="@BeforeMethod setup" time="-1.732190595714E9">
    <skipped/>
  </testcase> <!-- @BeforeMethod setup -->
  <testcase classname="PageTests.LeadManagementTest" name="@BeforeMethod setup" time="-1.732190595729E9">
    <skipped/>
  </testcase> <!-- @BeforeMethod setup -->
  <testcase classname="PageTests.LeadManagementTest" name="@BeforeMethod setup" time="-1.732190595745E9">
    <skipped/>
  </testcase> <!-- @BeforeMethod setup -->
  <testcase classname="PageTests.LeadManagementTest" name="@BeforeMethod setup" time="-1.732190595761E9">
    <skipped/>
  </testcase> <!-- @BeforeMethod setup -->
  <testcase classname="PageTests.LeadManagementTest" name="@BeforeMethod setup" time="-1.732190595776E9">
    <skipped/>
  </testcase> <!-- @BeforeMethod setup -->
  <testcase classname="PageTests.LeadManagementTest" name="verifyLeadManagementSubMenus" time="0.0">
    <skipped/>
  </testcase> <!-- verifyLeadManagementSubMenus -->
  <testcase classname="PageTests.LeadManagementTest" name="verifyCreateLeadFeature" time="0.0">
    <skipped/>
  </testcase> <!-- verifyCreateLeadFeature -->
  <testcase classname="PageTests.LeadManagementTest" name="verifySearchField" time="0.0">
    <skipped/>
  </testcase> <!-- verifySearchField -->
  <testcase classname="PageTests.LeadManagementTest" name="verifyAdvancedFilter" time="0.0">
    <skipped/>
  </testcase> <!-- verifyAdvancedFilter -->
  <testcase classname="PageTests.LeadManagementTest" name="verifyAddNoteFeature" time="0.0">
    <skipped/>
  </testcase> <!-- verifyAddNoteFeature -->
  <testcase classname="PageTests.LeadManagementTest" name="verifyEditLeadFeature" time="0.0">
    <skipped/>
  </testcase> <!-- verifyEditLeadFeature -->
  <testcase classname="PageTests.LeadManagementTest" name="deleteLead" time="0.0">
    <skipped/>
  </testcase> <!-- deleteLead -->
  <testcase classname="PageTests.LeadManagementTest" name="verifyPeopleSubmenu" time="0.0">
    <skipped/>
  </testcase> <!-- verifyPeopleSubmenu -->
  <testcase classname="PageTests.LeadManagementTest" name="verifyViewCTA" time="0.0">
    <skipped/>
  </testcase> <!-- verifyViewCTA -->
</testsuite> <!-- Test -->
